"../../../Engine/Content/EditorBlueprintResources/StandardMacros.uasset" 0
"../../../Engine/Content/EngineSky/C_Sky_Cloud_Color.uasset" 1
"../../../Engine/Content/EngineSky/C_Sky_Horizon_Color.uasset" 2
"../../../Engine/Content/EngineSky/C_Sky_Zenith_Color.uasset" 3
"../../../Engine/Content/EngineSky/T_Sky_Blue.uasset" 4
"../../../Engine/Content/EngineSky/T_Sky_Clouds_M.uasset" 5
"../../../Engine/Content/EngineSky/T_Sky_Stars.uasset" 6
"../../../Engine/Content/EngineSky/SM_SkySphere.uasset" 7
"../../../Engine/Content/EngineSky/M_Sky_Panning_Clouds2.uasset" 8
"../../../Engine/Content/EngineSky/BP_Sky_Sphere.uasset" 9
"../../../Engine/Content/TemplateResources/M_Template_Master.uasset" 10
"../../../Engine/Content/TemplateResources/MI_Template_BaseBlue.uasset" 11
"../../../ExtendedTPSTemplate/Content/AnimStarterPack/Character/HeroTPP_Physics.uasset" 12
"../../../ExtendedTPSTemplate/Content/AnimStarterPack/Character/HeroTPP.uasset" 13
"../../../ExtendedTPSTemplate/Content/AnimStarterPack/Character/HeroTPP_Skeleton.uasset" 14
"../../../ExtendedTPSTemplate/Content/AnimStarterPack/Hit_React_1.uasset" 15
"../../../ExtendedTPSTemplate/Content/AnimStarterPack/Hit_React_2.uasset" 16
"../../../ExtendedTPSTemplate/Content/AnimStarterPack/Hit_React_3.uasset" 17
"../../../ExtendedTPSTemplate/Content/AnimStarterPack/Hit_React_4.uasset" 18
"../../../ExtendedTPSTemplate/Content/AnimStarterPack/AM_HitReact.uasset" 19
"../../../ExtendedTPSTemplate/Content/AnimStarterPack/Reload_Rifle_Hip.uasset" 20
"../../../ExtendedTPSTemplate/Content/AnimStarterPack/Reload_Rifle_Ironsights.uasset" 21
"../../../ExtendedTPSTemplate/Content/AnimStarterPack/AM_Reload.uasset" 22
"../../../ExtendedTPSTemplate/Content/AnimStarterPack/Crouch_Idle_Rifle_Hip.uasset" 23
"../../../ExtendedTPSTemplate/Content/AnimStarterPack/Crouch_Idle_Rifle_Ironsights.uasset" 24
"../../../ExtendedTPSTemplate/Content/AnimStarterPack/Idle_Rifle_Hip.uasset" 25
"../../../ExtendedTPSTemplate/Content/AnimStarterPack/Idle_Rifle_Ironsights.uasset" 26
"../../../ExtendedTPSTemplate/Content/AnimStarterPack/Jump_From_Jog.uasset" 27
"../../../ExtendedTPSTemplate/Content/AnimStarterPack/Jump_From_Stand.uasset" 28
"../../../ExtendedTPSTemplate/Content/AnimStarterPack/Prone_Idle.uasset" 29
"../../../ExtendedTPSTemplate/Content/AnimStarterPack/Sprint_Fwd_Rifle.uasset" 30
"../../../ExtendedTPSTemplate/Content/AnimStarterPack/Crouch_Walk_Bwd_Rifle_Hip.uasset" 31
"../../../ExtendedTPSTemplate/Content/AnimStarterPack/Crouch_Walk_Fwd_Rifle_Hip.uasset" 32
"../../../ExtendedTPSTemplate/Content/AnimStarterPack/Crouch_Walk_Lt_Rifle_Hip.uasset" 33
"../../../ExtendedTPSTemplate/Content/AnimStarterPack/Crouch_Walk_Rt_Rifle_Hip.uasset" 34
"../../../ExtendedTPSTemplate/Content/AnimStarterPack/Character/R_CrouchWalk.uasset" 35
"../../../ExtendedTPSTemplate/Content/AnimStarterPack/Crouch_Walk_Bwd_Rifle_Ironsights.uasset" 36
"../../../ExtendedTPSTemplate/Content/AnimStarterPack/Crouch_Walk_Fwd_Rifle_Ironsights.uasset" 37
"../../../ExtendedTPSTemplate/Content/AnimStarterPack/Crouch_Walk_Lt_Rifle_Ironsights.uasset" 38
"../../../ExtendedTPSTemplate/Content/AnimStarterPack/Crouch_Walk_Rt_Rifle_Ironsights.uasset" 39
"../../../ExtendedTPSTemplate/Content/AnimStarterPack/Character/R_CrouchWalk_Ironsight.uasset" 40
"../../../ExtendedTPSTemplate/Content/AnimStarterPack/Jog_Bwd_Rifle.uasset" 41
"../../../ExtendedTPSTemplate/Content/AnimStarterPack/Jog_Fwd_Rifle.uasset" 42
"../../../ExtendedTPSTemplate/Content/AnimStarterPack/Jog_Lt_Rifle.uasset" 43
"../../../ExtendedTPSTemplate/Content/AnimStarterPack/Jog_Rt_Rifle.uasset" 44
"../../../ExtendedTPSTemplate/Content/AnimStarterPack/Character/R_Jog.uasset" 45
"../../../ExtendedTPSTemplate/Content/AnimStarterPack/Walk_Bwd_Rifle_Ironsights.uasset" 46
"../../../ExtendedTPSTemplate/Content/AnimStarterPack/Walk_Fwd_Rifle_Ironsights.uasset" 47
"../../../ExtendedTPSTemplate/Content/AnimStarterPack/Walk_Lt_Rifle_Ironsights.uasset" 48
"../../../ExtendedTPSTemplate/Content/AnimStarterPack/Walk_Rt_Rifle_Ironsights.uasset" 49
"../../../ExtendedTPSTemplate/Content/AnimStarterPack/Character/R_Jog_Ironsight.uasset" 50
"../../../ExtendedTPSTemplate/Content/AnimStarterPack/Character/ASP_HeroTPP_AnimBlueprint.uasset" 51
"../../../ExtendedTPSTemplate/Content/Visualizer.uasset" 52
"../../../Engine/Content/EngineMeshes/Sphere.uasset" 53
"../../../ExtendedTPSTemplate/Content/StarterContent/Audio/Explosion02.uasset" 54
"../../../ExtendedTPSTemplate/Content/StarterContent/Audio/Explosion_Attenuation.uasset" 55
"../../../ExtendedTPSTemplate/Content/StarterContent/Textures/T_Burst_M.uasset" 56
"../../../ExtendedTPSTemplate/Content/StarterContent/Particles/Materials/M_Burst.uasset" 57
"../../../ExtendedTPSTemplate/Content/StarterContent/Textures/T_Explosion_SubUV.uasset" 58
"../../../ExtendedTPSTemplate/Content/StarterContent/Particles/Materials/M_explosion_subUV.uasset" 59
"../../../ExtendedTPSTemplate/Content/StarterContent/Particles/Materials/m_flare_01.uasset" 60
"../../../Engine/Content/Functions/Engine_MaterialFunctions01/Gradient/RadialGradient.uasset" 61
"../../../ExtendedTPSTemplate/Content/StarterContent/Particles/Materials/M_radial_ramp.uasset" 62
"../../../ExtendedTPSTemplate/Content/StarterContent/Textures/T_Smoke_SubUV.uasset" 63
"../../../ExtendedTPSTemplate/Content/StarterContent/Textures/T_Smoke_Tiled_D.uasset" 64
"../../../ExtendedTPSTemplate/Content/StarterContent/Particles/Materials/M_smoke_subUV.uasset" 65
"../../../ExtendedTPSTemplate/Content/StarterContent/Particles/P_Explosion.uasset" 66
"../../../ExtendedTPSTemplate/Content/StarterContent/Materials/M_Basic_Wall.uasset" 67
"../../../ExtendedTPSTemplate/Content/StarterContent/Shapes/Shape_Sphere.uasset" 68
"../../../ExtendedTPSTemplate/Content/AnimStarterPack/Blueprints/Projectile.uasset" 69
"../../../ExtendedTPSTemplate/Content/Character_Mat.uasset" 70
"../../../ExtendedTPSTemplate/Content/WindowBorder.uasset" 71
"../../../ExtendedTPSTemplate/Content/WindowBorder_Mat.uasset" 72
"../../../ExtendedTPSTemplate/Content/AnimStarterPack/HUD/GameHUD.uasset" 73
"../../../ExtendedTPSTemplate/Content/StarterContent/Audio/Explosion01.uasset" 74
"../../../ExtendedTPSTemplate/Content/StarterContent/Audio/Explosion_Cue.uasset" 75
"../../../ExtendedTPSTemplate/Content/AnimStarterPack/Character/ASP_Character.uasset" 76
"../../../ExtendedTPSTemplate/Content/AnimStarterPack/Blueprints/FPSGame.uasset" 77
"../../../ExtendedTPSTemplate/Content/Pickup_material.uasset" 78
"../../../Engine/Content/Functions/Engine_MaterialFunctions01/Opacity/CameraDepthFade.uasset" 79
"../../../Engine/Content/EngineMaterials/T_Default_Material_Grid_M.uasset" 80
"../../../Engine/Content/EngineMaterials/T_Default_Material_Grid_N.uasset" 81
"../../../Engine/Content/EngineMaterials/WorldGridMaterial.uasset" 82
"../../../ExtendedTPSTemplate/Content/StarterContent/Props/SM_Arrows.uasset" 83
"../../../ExtendedTPSTemplate/Content/AnimStarterPack/Blueprints/Pickup_Master.uasset" 84
"../../../ExtendedTPSTemplate/Content/StarterContent/Textures/T_Concrete_Panels_D.uasset" 85
"../../../ExtendedTPSTemplate/Content/StarterContent/Textures/T_Concrete_Panels_N.uasset" 86
"../../../ExtendedTPSTemplate/Content/StarterContent/Textures/T_MacroVariation.uasset" 87
"../../../ExtendedTPSTemplate/Content/StarterContent/Textures/T_Perlin_Noise_M.uasset" 88
"../../../ExtendedTPSTemplate/Content/StarterContent/Materials/M_Concrete_Panels.uasset" 89
"../../../ExtendedTPSTemplate/Content/StarterContent/Textures/T_Concrete_Poured_D.uasset" 90
"../../../ExtendedTPSTemplate/Content/StarterContent/Textures/T_Concrete_Poured_N.uasset" 91
"../../../ExtendedTPSTemplate/Content/StarterContent/Materials/M_Concrete_Poured.uasset" 92
"../../../ExtendedTPSTemplate/Content/StarterContent/Textures/T_Concrete_Tiles_D.uasset" 93
"../../../ExtendedTPSTemplate/Content/StarterContent/Textures/T_Concrete_Tiles_M.uasset" 94
"../../../ExtendedTPSTemplate/Content/StarterContent/Textures/T_Concrete_Tiles_N.uasset" 95
"../../../ExtendedTPSTemplate/Content/StarterContent/Textures/T_Concrete_Tiles_Variation_M.uasset" 96
"../../../ExtendedTPSTemplate/Content/StarterContent/Materials/M_Concrete_Tiles.uasset" 97
"../../../Engine/Content/EngineLightProfiles/NarrowComplex_IES.uasset" 98
"../../../Engine/Content/MapTemplates/Bokeh_5Sides.uasset" 99
"../../../Engine/Content/EngineMaterials/DefaultMaterial.uasset" 100
"../../../Engine/Content/MapTemplates/SM_Template_Map_Floor.uasset" 101
"../../../Engine/Content/MapTemplates/T_ScreenDirt02_w.uasset" 102
"../../../ExtendedTPSTemplate/Content/StarterContent/Textures/T_Lamp_M.uasset" 103
"../../../ExtendedTPSTemplate/Content/StarterContent/Textures/T_Lamp_N.uasset" 104
"../../../ExtendedTPSTemplate/Content/StarterContent/Props/Materials/M_Lamp.uasset" 105
"../../../ExtendedTPSTemplate/Content/StarterContent/Props/SM_Lamp_Wall.uasset" 106
"../../../ExtendedTPSTemplate/Content/Maps/Example_Level.umap" 107
"../../../Engine/Content/EngineFonts/Roboto.uasset" 108
"../../../Engine/Content/Functions/Engine_MaterialFunctions01/Shading/PowerToRoughness.uasset" 109
"../../../Engine/Content/EngineMaterials/DefaultDiffuse.uasset" 110
"../../../Engine/Content/EngineMaterials/DefaultDeferredDecalMaterial.uasset" 111
"../../../Engine/Content/EngineMaterials/DefaultLightFunctionMaterial.uasset" 112
"../../../Engine/Content/Functions/Engine_MaterialFunctions02/Utility/BreakOutFloat2Components.uasset" 113
"../../../Engine/Content/EngineMaterials/DefaultPostProcessMaterial.uasset" 114
"../../../Engine/Content/EngineResources/DefaultTexture.uasset" 115
"../../../Engine/Content/Functions/Engine_MaterialFunctions02/Texturing/ScreenAlignedUVs.uasset" 116
"../../../Engine/Content/EngineResources/WhiteSquareTexture.uasset" 117
"../../../Engine/Content/EngineMaterials/Widget3DPassThrough.uasset" 118
"../../../Engine/Content/EngineMaterials/Widget3DPassThrough_Translucent.uasset" 119
"../../../Engine/Content/EngineMaterials/Widget3DPassThrough_Translucent_OneSided.uasset" 120
"../../../Engine/Content/EngineMaterials/Widget3DPassThrough_Opaque.uasset" 121
"../../../Engine/Content/EngineMaterials/Widget3DPassThrough_Opaque_OneSided.uasset" 122
"../../../Engine/Content/EngineMaterials/Widget3DPassThrough_Masked.uasset" 123
"../../../Engine/Content/EngineMaterials/Widget3DPassThrough_Masked_OneSided.uasset" 124
"../../../Engine/Content/EditorResources/S_Actor.uasset" 125
"../../../Engine/Content/EditorResources/S_Emitter.uasset" 126
"../../../Engine/Content/EditorResources/SceneManager.uasset" 127
"../../../Engine/Content/EditorResources/Bad.uasset" 128
"../../../Engine/Content/EditorResources/Bkgnd.uasset" 129
"../../../Engine/Content/EditorResources/BkgndHi.uasset" 130
"../../../Engine/Content/EditorMeshes/EditorCube.uasset" 131
"../../../Engine/Content/EditorMeshes/EditorSphere.uasset" 132
"../../../Engine/Content/EditorMeshes/EditorPlane.uasset" 133
"../../../Engine/Content/EditorMeshes/EditorCylinder.uasset" 134
"../../../Engine/Content/Maps/Templates/Thumbnails/Default.uasset" 135
"../../../Engine/Content/EditorMaterials/Thumbnails/SkySphereMaterial.uasset" 136
"../../../Engine/Content/EditorMeshes/EditorSkySphere.uasset" 137
"../../../Engine/Content/EngineMaterials/Grid.uasset" 138
"../../../Engine/Content/EditorMaterials/Thumbnails/FloorPlaneMaterial.uasset" 139
"../../../Engine/Content/EditorMaterials/ParticleSystems/PSysThumbnail_NoImage.uasset" 140
"../../../Engine/Content/EditorMaterials/ParticleSystems/PSysThumbnail_OOD.uasset" 141
"../../../Engine/Content/EditorResources/S_DecalActorIcon.uasset" 142
"../../../Engine/Content/EditorLandscapeResources/LandscapeGizmo_Mat.uasset" 143
"../../../Engine/Content/EditorLandscapeResources/LandscapeGizmo_Mat_Copied.uasset" 144
"../../../Engine/Content/EditorLandscapeResources/LandscapeGizmoHeight_Mat.uasset" 145
"../../../Engine/Content/EditorLandscapeResources/DataLayer.uasset" 146
"../../../Engine/Content/EditorResources/S_Terrain.uasset" 147
"../../../Engine/Content/EditorLandscapeResources/SplineEditorMeshMat.uasset" 148
"../../../Engine/Content/EditorLandscapeResources/SplineEditorMesh.uasset" 149
"../../../Engine/Content/EditorResources/MatineeCam_D.uasset" 150
"../../../Engine/Content/EditorMaterials/MatineeCam_mat.uasset" 151
"../../../Engine/Content/EditorMeshes/MatineeCam_SM.uasset" 152
"../../../Engine/Content/Functions/Engine_MaterialFunctions02/Utility/Sign.uasset" 153
"../../../Engine/Content/Functions/Engine_MaterialFunctions02/Utility/Round.uasset" 154
"../../../Engine/Content/Functions/Engine_MaterialFunctions02/ExampleContent/Textures/flipbook.uasset" 155
"../../../Engine/Content/Functions/Engine_MaterialFunctions02/Texturing/FlipBook.uasset" 156
"../../../Engine/Content/EditorResources/T_EditorHelp.uasset" 157
"../../../Engine/Content/EditorMaterials/HelpActorMaterial.uasset" 158
"../../../Engine/Content/EditorResources/S_ExpoHeightFog.uasset" 159
"../../../Engine/Content/EditorResources/S_NavP.uasset" 160
"../../../Engine/Content/EditorResources/S_Player.uasset" 161
"../../../Engine/Content/EditorResources/LightIcons/SkyLight.uasset" 162
"../../../Engine/Content/EditorResources/S_WindDirectional.uasset" 163
"../../../Engine/Content/EngineDamageTypes/DmgTypeBP_Environmental.uasset" 164
"../../../Engine/Content/EditorResources/LightIcons/S_LightDirectional.uasset" 165
"../../../Engine/Content/EditorResources/LightIcons/S_LightDirectionalMove.uasset" 166
"../../../Engine/Content/EditorResources/LightIcons/S_LightPoint.uasset" 167
"../../../Engine/Content/EditorResources/LightIcons/S_LightPointMove.uasset" 168
"../../../Engine/Content/EditorResources/LightIcons/S_LightSpot.uasset" 169
"../../../Engine/Content/EditorResources/LightIcons/S_LightSpotMove.uasset" 170
"../../../Engine/Content/EditorResources/MatInstActSprite.uasset" 171
"../../../Engine/Content/EditorResources/AI/S_NavLink.uasset" 172
"../../../Engine/Content/EditorResources/S_Note.uasset" 173
"../../../Engine/Content/EditorResources/S_ReflActorIcon.uasset" 174
"../../../Engine/Content/EditorResources/S_Thruster.uasset" 175
"../../../Engine/Content/EditorResources/S_RadForce.uasset" 176
"../../../Engine/Content/EditorMaterials/TargetIcon.uasset" 177
"../../../Engine/Content/EngineFonts/RobotoDistanceField.uasset" 178
"../../../Engine/Content/EngineMaterials/DefaultTextMaterialOpaque.uasset" 179
"../../../Engine/Content/EditorResources/S_TextRenderActorIcon.uasset" 180
"../../../Engine/Content/EditorResources/S_Trigger.uasset" 181
"../../../Engine/Content/EditorResources/S_VectorFieldVol.uasset" 182
"../../../Engine/Content/EngineResources/GradientTexture0.uasset" 183
"../../../Engine/Content/EngineResources/Black.uasset" 184
"../../../Engine/Content/EditorMaterials/MatineeGroups/MAT_Groups_Float.uasset" 185
"../../../Engine/Content/EditorMaterials/MatineeGroups/MAT_Groups_Director.uasset" 186
"../../../Engine/Content/EditorMaterials/MatineeGroups/MAT_Groups_Event.uasset" 187
"../../../Engine/Content/EditorMaterials/MatineeGroups/MAT_Groups_Anim.uasset" 188
"../../../Engine/Content/EditorMaterials/MatineeGroups/MAT_Groups_Fade.uasset" 189
"../../../Engine/Content/EditorMaterials/MatineeGroups/MAT_Groups_Move.uasset" 190
"../../../Engine/Content/EditorMaterials/MatineeGroups/MAT_Groups_Slomo.uasset" 191
"../../../Engine/Content/EditorMaterials/MatineeGroups/MAT_ColorTrack.uasset" 192
"../../../Engine/Content/EditorMaterials/MAT_Groups_Toggle.uasset" 193
"../../../Engine/Content/EditorMaterials/MatineeGroups/MAT_Groups_AudioMaster.uasset" 194
"../../../Engine/Content/EditorMaterials/MatineeGroups/MAT_Groups_Sound.uasset" 195
"../../../Engine/Content/EditorMaterials/MatineeGroups/MAT_Groups_Vector.uasset" 196
"../../../Engine/Content/EditorMaterials/MAT_Groups_Visibility.uasset" 197
"../../../Engine/Content/EngineResources/DefaultTextureCube.uasset" 198
"../../../Engine/Content/EngineMeshes/Cylinder.uasset" 199
"../../../Engine/Content/EngineTireTypes/DefaultTireType.uasset" 200
"../../../Engine/Content/EditorResources/S_FTest.uasset" 201
"../../../Engine/Content/EngineResources/AICON-Red.uasset" 202
"../../../Engine/Content/EngineResources/AICON-Green.uasset" 203
"../../../Engine/Plugins/2D/Paper2D/Content/PlaceholderTextures/DummySpriteTexture.uasset" 204
"../../../Engine/Plugins/2D/Paper2D/Content/DefaultSpriteMaterial.uasset" 205
"../../../Engine/Plugins/2D/Paper2D/Content/MaskedUnlitSpriteMaterial.uasset" 206
"../../../Engine/Plugins/2D/Paper2D/Content/OpaqueUnlitSpriteMaterial.uasset" 207
"../../../Engine/Plugins/2D/Paper2D/Content/DummySprite.uasset" 208
"../../../Engine/Plugins/2D/Paper2D/Content/DefaultPaperTerrainMaterial.uasset" 209
"../../../Engine/Content/EditorSounds/Notifications/CompileSuccess.uasset" 210
"../../../Engine/Content/EditorSounds/Notifications/CompileStart_Cue.uasset" 211
"../../../Engine/Content/EditorSounds/Notifications/CompileSuccess_Cue.uasset" 212
"../../../Engine/Content/EditorSounds/Notifications/CompileFailed.uasset" 213
"../../../Engine/Content/EditorSounds/Notifications/CompileFailed_Cue.uasset" 214
"../../../Engine/Content/BufferVisualization/BaseColor.uasset" 215
"../../../Engine/Content/BufferVisualization/CustomDepth.uasset" 216
"../../../Engine/Content/Functions/Engine_MaterialFunctions02/Utility/MakeFloat2.uasset" 217
"../../../Engine/Content/Functions/Engine_MaterialFunctions02/Utility/MakeFloat3.uasset" 218
"../../../Engine/Content/EngineMaterials/MiniFont.uasset" 219
"../../../Engine/Content/BufferVisualization/CustomStencil.uasset" 220
"../../../Engine/Content/BufferVisualization/DecalMask.uasset" 221
"../../../Engine/Content/BufferVisualization/FinalImage.uasset" 222
"../../../Engine/Content/BufferVisualization/LightingModel.uasset" 223
"../../../Engine/Content/BufferVisualization/MaterialAO.uasset" 224
"../../../Engine/Content/BufferVisualization/Metallic.uasset" 225
"../../../Engine/Content/BufferVisualization/Opacity.uasset" 226
"../../../Engine/Content/BufferVisualization/Roughness.uasset" 227
"../../../Engine/Content/BufferVisualization/SceneColor.uasset" 228
"../../../Engine/Content/BufferVisualization/SceneDepth.uasset" 229
"../../../Engine/Content/BufferVisualization/SeparateTranslucencyRGB.uasset" 230
"../../../Engine/Content/BufferVisualization/SeparateTranslucencyA.uasset" 231
"../../../Engine/Content/BufferVisualization/Specular.uasset" 232
"../../../Engine/Content/BufferVisualization/SubsurfaceColor.uasset" 233
"../../../Engine/Content/BufferVisualization/WorldNormal.uasset" 234
"../../../Engine/Content/EngineMaterials/DefaultPhysicalMaterial.uasset" 235
"../../../Engine/Content/BufferVisualization/AmbientOcclusion.uasset" 236
"../../../Engine/Content/Functions/Engine_MaterialFunctions02/Utility/VectorLength.uasset" 237
"../../../Engine/Content/BufferVisualization/CustomDepthWorldUnits.uasset" 238
"../../../Engine/Content/BufferVisualization/SceneDepthWorldUnits.uasset" 239
"../../../Engine/Plugins/Runtime/LeapMotionController/Content/LM_CapsuleMesh.uasset" 240
"../../../Engine/Plugins/Runtime/LeapMotionController/Content/LM_TorusMesh.uasset" 241
"../../../Engine/Plugins/Runtime/LeapMotionController/Content/LM_HandColor.uasset" 242
"../../../Engine/Plugins/Runtime/LeapMotionController/Content/LM_SampleDistortion.uasset" 243
"../../../Engine/Plugins/Runtime/LeapMotionController/Content/LM_TestTexture.uasset" 244
"../../../Engine/Plugins/Runtime/LeapMotionController/Content/LM_PassthroughMaterial.uasset" 245
"../../../Engine/Content/BasicShapes/Cube.uasset" 246
"../../../Engine/Content/EngineMaterials/HighResolutionScreenshotMaskFunction.uasset" 247
"../../../Engine/Content/EngineMaterials/HighResScreenshot.uasset" 248
"../../../Engine/Content/EngineMaterials/HighResScreenshotMask.uasset" 249
"../../../Engine/Content/EngineMaterials/HighResScreenshotCaptureRegion.uasset" 250
"../../../Engine/Content/EngineDebugMaterials/WireframeMaterial.uasset" 251
"../../../Engine/Content/Functions/Engine_MaterialFunctions01/Shading/ConvertFromDiffSpec.uasset" 252
"../../../Engine/Content/EngineDebugMaterials/LevelColorationLitMaterial.uasset" 253
"../../../Engine/Content/EngineDebugMaterials/LevelColorationUnlitMaterial.uasset" 254
"../../../Engine/Content/EngineMaterials/DefaultWhiteGrid.uasset" 255
"../../../Engine/Content/EngineDebugMaterials/MAT_LevelColorationLitLightmapUV.uasset" 256
"../../../Engine/Content/EngineDebugMaterials/ShadedLevelColorationLitMaterial.uasset" 257
"../../../Engine/Content/EngineDebugMaterials/ShadedLevelColorationUnlitMateri.uasset" 258
"../../../Engine/Content/EngineDebugMaterials/VertexColorMaterial.uasset" 259
"../../../Engine/Content/EngineDebugMaterials/VertexColorViewMode_ColorOnly.uasset" 260
"../../../Engine/Content/EngineDebugMaterials/VertexColorViewMode_AlphaAsColor.uasset" 261
"../../../Engine/Content/EngineDebugMaterials/VertexColorViewMode_RedOnly.uasset" 262
"../../../Engine/Content/EngineDebugMaterials/VertexColorViewMode_GreenOnly.uasset" 263
"../../../Engine/Content/EngineDebugMaterials/VertexColorViewMode_BlueOnly.uasset" 264
"../../../Engine/Content/EngineMaterials/RemoveSurfaceMaterial.uasset" 265
"../../../Engine/Content/EngineDebugMaterials/DebugMeshMaterial.uasset" 266
"../../../Engine/Content/EngineMaterials/InvalidLightmapSettings.uasset" 267
"../../../Engine/Content/EngineMaterials/M_InvalidLightmapSettings.uasset" 268
"../../../Engine/Content/EditorMaterials/GizmoMaterial.uasset" 269
"../../../Engine/Content/EngineDebugMaterials/GeomMaterial.uasset" 270
"../../../Engine/Content/EngineMaterials/EditorBrushMaterial.uasset" 271
"../../../Engine/Content/EngineDebugMaterials/HeatmapGradient.uasset" 272
"../../../Engine/Content/EngineDebugMaterials/BoneWeightMaterial.uasset" 273
"../../../Engine/Content/EditorMaterials/PreviewShadowIndicator.uasset" 274
"../../../Engine/Content/EditorMaterials/PreviewShadowIndicatorMaterial.uasset" 275
"../../../Engine/Content/EditorMaterials/PhAT_JointLimitMaterial.uasset" 276
"../../../Engine/Content/EditorResources/BSPVertex.uasset" 277
"../../../Engine/Content/EngineMaterials/Good64x64TilingNoiseHighFreq.uasset" 278
"../../../Engine/Content/EngineMaterials/DefaultBokeh.uasset" 279
"../../../Engine/Content/EngineMaterials/PreintegratedSkinBRDF.uasset" 280
"../../../Engine/Content/EngineMaterials/WeightMapPlaceholderTexture.uasset" 281
"../../../Engine/Content/EngineFonts/RobotoTiny.uasset" 282
"../../../Engine/Content/Tutorial/Basics/LevelEditorAttract.uasset" 283
"../../../Engine/Content/Tutorial/SubEditors/TutorialAssets/icon_ShowSkeletalMeshes_40x.uasset" 284
"../../../Engine/Content/Tutorial/SubEditors/PersonaAnimEditorWalkThrough.uasset" 285
"../../../Engine/Content/Tutorial/Landscape/TutorialAssets/Landscape.uasset" 286
"../../../Engine/Content/Tutorial/Landscape/Landscape_Manage_Mode.uasset" 287
"../../../Engine/Content/Tutorial/ContentIntroCurve.uasset" 288
"../../../Engine/Content/EditorMaterials/Cross.uasset" 289
"../../../Engine/Content/EditorMaterials/Cross_Mat.uasset" 290
"../../../Engine/Content/EditorMaterials/PhAT_BoneSelectedMaterial.uasset" 291
"../../../Engine/Content/EditorMaterials/PhAT_ElemSelectedMaterial.uasset" 292
"../../../Engine/Content/EditorMaterials/PhAT_NoCollisionMaterial.uasset" 293
"../../../Engine/Content/EditorMaterials/PhAT_UnselectedMaterial.uasset" 294
"../../../Engine/Content/EditorMaterials/Tick.uasset" 295
"../../../Engine/Content/EditorMaterials/Tick_Mat.uasset" 296
"../../../Engine/Content/EditorMaterials/WidgetGridVertexColorMaterial.uasset" 297
"../../../Engine/Content/EditorMaterials/WidgetGridVertexColorMaterial_Ma.uasset" 298
"../../../Engine/Content/EditorMaterials/WidgetMaterial.uasset" 299
"../../../Engine/Content/EditorMaterials/WidgetMaterial_Current.uasset" 300
"../../../Engine/Content/EditorMaterials/WidgetMaterial_X.uasset" 301
"../../../Engine/Content/EditorMaterials/WidgetMaterial_Y.uasset" 302
"../../../Engine/Content/EditorMaterials/WidgetMaterial_Z.uasset" 303
"../../../Engine/Content/EditorMaterials/WidgetVertexColorMaterial.uasset" 304
"../../../Engine/Content/EditorMaterials/CompositeARGBLayer.uasset" 305
"../../../Engine/Content/EditorMaterials/TilingAALineIntegral.uasset" 306
"../../../Engine/Content/EditorMaterials/TilingAALineBoxFiltered.uasset" 307
"../../../Engine/Content/Functions/Engine_MaterialFunctions03/Procedurals/ComputeFilterWidth.uasset" 308
"../../../Engine/Content/EditorMaterials/TilingAADots.uasset" 309
"../../../Engine/Content/EditorMaterials/Cascade/CASC_Cross.uasset" 310
"../../../Engine/Content/EditorMaterials/Cascade/CASC_None.uasset" 311
"../../../Engine/Content/Functions/Engine_MaterialFunctions03/Blends/Blend_Screen.uasset" 312
"../../../Engine/Content/EditorMaterials/TilingAAGrid.uasset" 313
"../../../Engine/Content/EditorMaterials/LevelGridMaterial.uasset" 314
"../../../Engine/Content/EditorResources/SmallFont.uasset" 315
"../../../Engine/Content/EditorResources/S_KBSJoint.uasset" 316
"../../../Engine/Content/EditorResources/S_KHinge.uasset" 317
"../../../Engine/Content/EditorResources/S_KPrismatic.uasset" 318
"../../../Engine/Content/EditorResources/LightIcons/S_LightError.uasset" 319
"../../../Engine/Content/EditorResources/Spline/T_Loft_Spline.uasset" 320
"../../../Engine/Content/EngineMaterials/BlinkingCaret.uasset" 321
"../../../Engine/Content/EngineMaterials/DefaultNormal.uasset" 322
"../../../Engine/Content/EngineMaterials/Grid_N.uasset" 323
"../../../Engine/Content/EngineMaterials/LandscapeHolePhysicalMaterial.uasset" 324
"../../../Engine/Content/EngineMaterials/PaperDiffuse.uasset" 325
"../../../Engine/Content/EngineMaterials/PaperNormal.uasset" 326
"../../../Engine/Content/EngineMaterials/PhysMat_Rubber.uasset" 327
"../../../Engine/Content/EngineFonts/SmallFont.uasset" 328
"../../../Engine/Content/EngineFonts/TinyFont.uasset" 329
"../../../Engine/Content/EngineResources/StreamingPauseIcon.uasset" 330
"../../../Engine/Content/EngineResources/M_StreamingPause.uasset" 331
"../../../Engine/Content/EditorLandscapeResources/DefaultAlphaTexture.uasset" 332
"../../../Engine/Content/ArtTools/RenderToTexture/Enums/RenderToTexture_Imposter_Enum.uasset" 333
"../../../Engine/Content/ArtTools/RenderToTexture/Enums/RenderToTexture_Flipbook_Enum.uasset" 334
"../../../Engine/Content/ArtTools/RenderToTexture/Enums/RenderToTexture_Enum.uasset" 335
"../../../Engine/Content/Tutorial/BlueprintTutorials/TutorialAssets/Tutorial_BP_MacroLib.uasset" 336
"../../../Engine/Content/EditorBlueprintResources/ActorMacros.uasset" 337
"../../../Engine/Content/ArtTools/RenderToTexture/Enums/EFloatTypes.uasset" 338
"../../../Engine/Content/ArtTools/RenderToTexture/Macros/RenderToTextureMacros.uasset" 339
"../../../Engine/Content/EditorMaterials/AntialiasedGridFloor.uasset" 340
"../../../Engine/Content/EditorResources/TilePatine_D.uasset" 341
"../../../Engine/Content/EditorResources/TilePatine_N.uasset" 342
"../../../Engine/Content/EditorMaterials/PersonaFloorMat.uasset" 343
"../../../Engine/Content/EditorMaterials/GridMaterial.uasset" 344
"../../../Engine/Content/EditorMeshes/PhAT_FloorBox.uasset" 345
"../../../Engine/Content/MapTemplates/Sky/DaylightAmbientCubemap.uasset" 346
"../../../Engine/Content/MapTemplates/Sky/T_Sky_Stars.uasset" 347
"../../../Engine/Content/MapTemplates/Sky/T_UDK_Sky_CloudMask01_N.uasset" 348
"../../../Engine/Content/EditorMaterials/PersonaSky.uasset" 349
"../../../Engine/Content/MapTemplates/Sky/M_Procedural_Sky_MASTER02.uasset" 350
"../../../Engine/Content/MapTemplates/Sky/SM_SkySphere.uasset" 351
"../../../Engine/Content/Tutorial/BlueprintTutorials/TutorialAssets/Blueprint_64x.uasset" 352
"../../../Engine/Content/Tutorial/BlueprintTutorials/BlueprintEditorTutorial.uasset" 353
"../../../Engine/Content/EditorSounds/GamePreview/EndPlayInEditor.uasset" 354
"../../../Engine/Content/EditorSounds/GamePreview/EndPlayInEditor_Cue.uasset" 355
"../../../Engine/Content/EditorResources/EmptyActor.uasset" 356
"../../../Engine/Content/BasicShapes/Sphere.uasset" 357
"../../../Engine/Content/BasicShapes/Cylinder.uasset" 358
"../../../Engine/Content/BasicShapes/Cone.uasset" 359
"../../../Engine/Content/Tutorial/Basics/TutorialAssets/icon_tab_Levels_40x.uasset" 360
"../../../Engine/Content/Tutorial/Basics/LevelEditorOverview.uasset" 361
"../../../Engine/Content/EditorMaterials/MakeCompositeARGBLayer.uasset" 362
"../../../Engine/Content/EditorResources/LevelGrid1DStripes.uasset" 363
"../../../Engine/Content/EditorMaterials/TextureGridCascaded1D.uasset" 364
"../../../Engine/Content/EditorMaterials/TextureGridCascaded2D.uasset" 365
"../../../Engine/Content/EditorMaterials/LevelGridMaterial2.uasset" 366
"../../../Engine/Content/EditorSounds/GamePreview/StartPlayInEditor.uasset" 367
"../../../Engine/Content/EditorSounds/GamePreview/StartPlayInEditor_Cue.uasset" 368
"../../../Engine/Content/MobileResources/HUD/MobileHUDButton3.uasset" 369
"../../../Engine/Content/MobileResources/HUD/MobileHUDButton1_off.uasset" 370
"../../../Engine/Content/MobileResources/HUD/MobileHUDDirectionPad3.uasset" 371
"../../../Engine/Content/MobileResources/T_MobileMenu2.uasset" 372
"../../../Engine/Content/MobileResources/HUD/MobileHUDButton2_off.uasset" 373
"../../../Engine/Content/MobileResources/HUD/MobileHUDDirectionPad.uasset" 374
"../../../Engine/Content/MobileResources/HUD/T_Castle_ThumbstickInner.uasset" 375
"../../../Engine/Content/MobileResources/T_MobileControls_texture.uasset" 376
"../../../Engine/Content/MobileResources/HUD/AnalogHat.uasset" 377
"../../../Engine/Content/MobileResources/HUD/VirtualJoystick_Background.uasset" 378
"../../../Engine/Content/MobileResources/HUD/VirtualJoystick_Thumb.uasset" 379
"../../../Engine/Content/MobileResources/HUD/DefaultVirtualJoysticks.uasset" 380
"../../../Engine/Content/MobileResources/HUD/LeftVirtualJoystickOnly.uasset" 381
"../../../Engine/Content/MobileResources/HUD/MobileHUDButton1_on.uasset" 382
"../../../Engine/Content/MobileResources/HUD/MobileHUDButton2_on.uasset" 383
"../../../Engine/Content/MobileResources/HUD/MobileHUDButtonFire.uasset" 384
"../../../Engine/Content/MobileResources/HUD/MobileHUDDirectionPad2.uasset" 385
"../../../Engine/Content/MobileResources/HUD/MobileHUDDirectionStick.uasset" 386
"../../../Engine/Content/MobileResources/HUD/T_Castle_ThumbstickOutter.uasset" 387
